[     456ms] [WARNING] A parser-blocking, cross site (i.e. different eTLD+1) script, https://statcounter.com/counter/counter.js, is invoked via document.write. The network request for this script MAY be blocked by the browser in this or a future page load due to poor network connectivity. If blocked in this page load, it will be confirmed in a subsequent console message. See https://www.chromestatus.com/feature/5718547946799104 for more details. @ https://www.thegatewaypundit.com/2026/03/even-left-tired-ilhan-omar-gets-major-primary/:1780
[     457ms] [WARNING] A parser-blocking, cross site (i.e. different eTLD+1) script, https://statcounter.com/counter/counter.js, is invoked via document.write. The network request for this script MAY be blocked by the browser in this or a future page load due to poor network connectivity. If blocked in this page load, it will be confirmed in a subsequent console message. See https://www.chromestatus.com/feature/5718547946799104 for more details. @ https://www.thegatewaypundit.com/2026/03/even-left-tired-ilhan-omar-gets-major-primary/:1780
[    1011ms] The play() request was interrupted by a call to pause(). https://goo.gl/LdLk22
[    1029ms] [ERROR] Error: SDK already initialized
    at https://cdn.onesignal.com/sdks/web/v16/OneSignalSDK.page.es6.js?v=160601:1:140638
    at t.init (https://cdn.onesignal.com/sdks/web/v16/OneSignalSDK.page.es6.js?v=160601:1:140691)
    at https://www.thegatewaypundit.com/2026/03/even-left-tired-ilhan-omar-gets-major-primary/:947:21
    at https://cdn.onesignal.com/sdks/web/v16/OneSignalSDK.page.es6.js?v=160601:1:144353
    at t.push (https://cdn.onesignal.com/sdks/web/v16/OneSignalSDK.page.es6.js?v=160601:1:144404)
    at https://cdn.onesignal.com/sdks/web/v16/OneSignalSDK.page.es6.js?v=160601:1:145312 @ https://cdn.onesignal.com/sdks/web/v16/OneSignalSDK.page.es6.js?v=160601:0
[    1370ms] [ERROR] Failed to load resource: net::ERR_FAILED @ chrome-extension://invalid/:0
[    1484ms] Uncaught TypeError: Cannot use 'in' operator to search for 'data' in {"scope":"host","sender":"dsq-app1365","name":"posts.count","data":312}
    at <anonymous> (https://c.adsco.re/:75:272)
[    1484ms] Uncaught TypeError: Cannot use 'in' operator to search for 'data' in {"scope":"host","sender":"dsq-app1365","name":"resize","data":{"height":798}}
    at <anonymous> (https://c.adsco.re/:75:272)
[    1489ms] [WARNING] Unsupported font family @ https://tts.carbonatixaudio.com/static/js/tts_player.js:1
[    1499ms] Uncaught TypeError: Cannot use 'in' operator to search for 'data' in {"id":"ld-8878-4211","type":"height","value":504,"styles":{"max_width":"970","centered":true}}
    at <anonymous> (https://c.adsco.re/:75:272)
[    1499ms] Uncaught TypeError: Cannot use 'in' operator to search for 'data' in {"id":"ld-8878-4211","type":"width","value":780,"styles":{"max_width":"970","centered":true}}
    at <anonymous> (https://c.adsco.re/:75:272)
[    1619ms] [ERROR] Loading the script 'https://connect.facebook.net/en_US/bundle/sdk.js/' violates the following Content Security Policy directive: "script-src https://*.twitter.com:* https://www.gstatic.com/recaptcha/ https://a.disquscdn.com https://c.disquscdn.com https://cdn.bonbon.tech https://*.services.disqus.com:* https://cdn.boomtrain.com/p13n/ https://com-disqus.netmng.com:* 'unsafe-inline' https://referrer.disqus.com/juggler/ https://embed.bsky.app c.disquscdn.com https://connect.facebook.net/en_US/sdk.js https://cdn.syndication.twimg.com/tweets.json https://apis.google.com https://www.google.com/recaptcha/ https://cf.ignitionone.com:* https://disqus.com". Note that 'script-src-elem' was not explicitly set, so 'script-src' is used as a fallback. The action has been blocked. @ https://connect.facebook.net/en_US/sdk.js:21
[    1738ms] Uncaught TypeError: Cannot use 'in' operator to search for 'data' in {"scope":"host","sender":"dsq-app1365","name":"rendered","data":{"height":2191}}
    at <anonymous> (https://c.adsco.re/:75:272)
[    1749ms] Uncaught TypeError: Cannot use 'in' operator to search for 'data' in {"scope":"host","sender":"dsq-app1365","name":"indicator:init","data":{"north":{"contents":"\n<!DOCTYPE html>\n<html lang=\"en\">\n    <head>\n        <meta charset=\"utf-8\">\n        <title>Disqus Realtime Notification</title>\n    </head>\n    <body>\n        <link rel=\"stylesheet\" href=\"https://c.disquscdn.com/next/embed/styles/realtime.b23ff3c36dd0169627f8e54ca1621eca.css\" >\n        <div class=\"north\" id=\"message\">-</div>\n    </body>\n</html>\n"},"south":{"contents":"\n<!DOCTYPE html>\n<html lang=\"en\">\n    <head>\n        <meta charset=\"utf-8\">\n        <title>Disqus Realtime Notification</title>\n    </head>\n    <body>\n        <link rel=\"stylesheet\" href=\"https://c.disquscdn.com/next/embed/styles/realtime.b23ff3c36dd0169627f8e54ca1621eca.css\" >\n        <div class=\"south\" id=\"message\">-</div>\n    </body>\n</html>\n"}}}
    at <anonymous> (https://c.adsco.re/:75:272)
[    1750ms] Uncaught TypeError: Cannot use 'in' operator to search for 'data' in {"scope":"host","sender":"dsq-app1365","name":"resize","data":{"height":2443}}
    at <anonymous> (https://c.adsco.re/:75:272)
[    1751ms] Uncaught TypeError: Cannot use 'in' operator to search for 'data' in {"scope":"host","sender":"dsq-app1365","name":"fakeScroll","data":[]}
    at <anonymous> (https://c.adsco.re/:75:272)
[    1812ms] [WARNING] A preload for 'https://adsco.re/p' is found, but is not used because the request HTTP method does not match. @ https://c.adsco.re/:52
[    2156ms] [ERROR] Failed to load resource: the server responded with a status of 400 () @ https://accounts.google.com/_/IdpIFrameHttp/cspreport/fine-allowlist:0
